2024-03-29 10:21:12,546 - basicLogger - ERROR - Timestamp parsing error: unconverted data remains: Z
2024-03-29 10:21:12,547 - basicLogger - ERROR - Timestamp parsing error: unconverted data remains: Z
2024-03-29 10:21:14,622 - basicLogger - ERROR - Timestamp parsing error: unconverted data remains: Z
2024-03-29 10:21:14,623 - basicLogger - ERROR - Timestamp parsing error: unconverted data remains: Z
2024-03-29 10:21:17,535 - basicLogger - ERROR - Timestamp parsing error: unconverted data remains: Z
2024-03-29 10:21:17,536 - basicLogger - ERROR - Timestamp parsing error: unconverted data remains: Z
2024-03-29 10:21:19,581 - basicLogger - ERROR - Timestamp parsing error: unconverted data remains: Z
2024-03-29 10:21:19,582 - basicLogger - ERROR - Timestamp parsing error: unconverted data remains: Z
2024-03-29 10:21:22,557 - basicLogger - ERROR - Timestamp parsing error: unconverted data remains: Z
2024-03-29 10:21:22,558 - basicLogger - ERROR - Timestamp parsing error: unconverted data remains: Z
2024-03-29 10:21:24,588 - basicLogger - ERROR - Timestamp parsing error: unconverted data remains: Z
2024-03-29 10:21:24,589 - basicLogger - ERROR - Timestamp parsing error: unconverted data remains: Z
2024-03-29 10:21:27,551 - basicLogger - ERROR - Timestamp parsing error: unconverted data remains: Z
2024-03-29 10:21:27,552 - basicLogger - ERROR - Timestamp parsing error: unconverted data remains: Z
2024-03-29 10:21:29,614 - basicLogger - ERROR - Timestamp parsing error: unconverted data remains: Z
2024-03-29 10:21:29,614 - basicLogger - ERROR - Timestamp parsing error: unconverted data remains: Z
2024-03-29 10:21:32,563 - basicLogger - ERROR - Timestamp parsing error: unconverted data remains: Z
2024-03-29 10:21:32,564 - basicLogger - ERROR - Timestamp parsing error: unconverted data remains: Z
2024-03-29 10:21:34,622 - basicLogger - ERROR - Timestamp parsing error: unconverted data remains: Z
2024-03-29 10:21:34,623 - basicLogger - ERROR - Timestamp parsing error: unconverted data remains: Z
2024-03-29 10:21:37,544 - basicLogger - ERROR - Timestamp parsing error: unconverted data remains: Z
2024-03-29 10:21:37,545 - basicLogger - ERROR - Timestamp parsing error: unconverted data remains: Z
2024-03-29 10:21:39,597 - basicLogger - ERROR - Timestamp parsing error: unconverted data remains: Z
2024-03-29 10:21:39,598 - basicLogger - ERROR - Timestamp parsing error: unconverted data remains: Z
2024-03-29 10:21:42,567 - basicLogger - ERROR - Timestamp parsing error: unconverted data remains: Z
2024-03-29 10:21:42,568 - basicLogger - ERROR - Timestamp parsing error: unconverted data remains: Z
2024-03-29 10:21:44,629 - basicLogger - ERROR - Timestamp parsing error: unconverted data remains: Z
2024-03-29 10:21:44,630 - basicLogger - ERROR - Timestamp parsing error: unconverted data remains: Z
2024-03-29 10:21:47,553 - basicLogger - ERROR - Timestamp parsing error: unconverted data remains: Z
2024-03-29 10:21:47,553 - basicLogger - ERROR - Timestamp parsing error: unconverted data remains: Z
2024-03-29 10:21:49,619 - basicLogger - ERROR - Timestamp parsing error: unconverted data remains: Z
2024-03-29 10:21:49,620 - basicLogger - ERROR - Timestamp parsing error: unconverted data remains: Z
2024-03-29 10:21:52,556 - basicLogger - ERROR - Timestamp parsing error: unconverted data remains: Z
2024-03-29 10:21:52,557 - basicLogger - ERROR - Timestamp parsing error: unconverted data remains: Z
2024-03-29 10:21:54,614 - basicLogger - ERROR - Timestamp parsing error: unconverted data remains: Z
2024-03-29 10:21:54,614 - basicLogger - ERROR - Timestamp parsing error: unconverted data remains: Z
2024-03-29 10:21:57,551 - basicLogger - ERROR - Timestamp parsing error: unconverted data remains: Z
2024-03-29 10:21:57,552 - basicLogger - ERROR - Timestamp parsing error: unconverted data remains: Z
2024-03-29 10:21:59,611 - basicLogger - ERROR - Timestamp parsing error: unconverted data remains: Z
2024-03-29 10:21:59,619 - basicLogger - ERROR - Timestamp parsing error: unconverted data remains: Z
2024-03-29 10:22:02,549 - basicLogger - ERROR - Timestamp parsing error: unconverted data remains: Z
2024-03-29 10:22:02,550 - basicLogger - ERROR - Timestamp parsing error: unconverted data remains: Z
2024-03-29 10:22:04,601 - basicLogger - ERROR - Timestamp parsing error: unconverted data remains: Z
2024-03-29 10:22:04,602 - basicLogger - ERROR - Timestamp parsing error: unconverted data remains: Z
2024-03-29 10:22:07,558 - basicLogger - ERROR - Timestamp parsing error: unconverted data remains: Z
2024-03-29 10:22:07,559 - basicLogger - ERROR - Timestamp parsing error: unconverted data remains: Z
2024-03-29 10:22:09,620 - basicLogger - ERROR - Timestamp parsing error: unconverted data remains: Z
2024-03-29 10:22:09,621 - basicLogger - ERROR - Timestamp parsing error: unconverted data remains: Z
2024-03-29 10:22:12,565 - basicLogger - ERROR - Timestamp parsing error: unconverted data remains: Z
2024-03-29 10:22:12,567 - basicLogger - ERROR - Timestamp parsing error: unconverted data remains: Z
2024-03-29 10:22:14,618 - basicLogger - ERROR - Timestamp parsing error: unconverted data remains: Z
2024-03-29 10:22:14,618 - basicLogger - ERROR - Timestamp parsing error: unconverted data remains: Z
2024-03-29 10:22:17,551 - basicLogger - ERROR - Timestamp parsing error: unconverted data remains: Z
2024-03-29 10:22:17,552 - basicLogger - ERROR - Timestamp parsing error: unconverted data remains: Z
2024-03-29 10:22:19,610 - basicLogger - ERROR - Timestamp parsing error: unconverted data remains: Z
2024-03-29 10:22:19,610 - basicLogger - ERROR - Timestamp parsing error: unconverted data remains: Z
2024-03-29 10:22:22,548 - basicLogger - ERROR - Timestamp parsing error: unconverted data remains: Z
2024-03-29 10:22:22,549 - basicLogger - ERROR - Timestamp parsing error: unconverted data remains: Z
2024-03-29 10:22:24,603 - basicLogger - ERROR - Timestamp parsing error: unconverted data remains: Z
2024-03-29 10:22:24,603 - basicLogger - ERROR - Timestamp parsing error: unconverted data remains: Z
2024-03-29 10:22:27,548 - basicLogger - ERROR - Timestamp parsing error: unconverted data remains: Z
2024-03-29 10:22:27,548 - basicLogger - ERROR - Timestamp parsing error: unconverted data remains: Z
2024-03-29 10:22:29,579 - basicLogger - ERROR - Timestamp parsing error: unconverted data remains: Z
2024-03-29 10:22:29,579 - basicLogger - ERROR - Timestamp parsing error: unconverted data remains: Z
2024-03-29 10:22:32,552 - basicLogger - ERROR - Timestamp parsing error: unconverted data remains: Z
2024-03-29 10:22:32,553 - basicLogger - ERROR - Timestamp parsing error: unconverted data remains: Z
2024-03-29 10:22:34,605 - basicLogger - ERROR - Timestamp parsing error: unconverted data remains: Z
2024-03-29 10:22:34,605 - basicLogger - ERROR - Timestamp parsing error: unconverted data remains: Z
2024-03-29 10:22:37,545 - basicLogger - ERROR - Timestamp parsing error: unconverted data remains: Z
2024-03-29 10:22:37,546 - basicLogger - ERROR - Timestamp parsing error: unconverted data remains: Z
2024-03-29 10:22:39,619 - basicLogger - ERROR - Timestamp parsing error: unconverted data remains: Z
2024-03-29 10:22:39,620 - basicLogger - ERROR - Timestamp parsing error: unconverted data remains: Z
2024-03-29 10:22:42,562 - basicLogger - ERROR - Timestamp parsing error: unconverted data remains: Z
2024-03-29 10:22:42,563 - basicLogger - ERROR - Timestamp parsing error: unconverted data remains: Z
2024-03-29 10:22:44,629 - basicLogger - ERROR - Timestamp parsing error: unconverted data remains: Z
2024-03-29 10:22:44,629 - basicLogger - ERROR - Timestamp parsing error: unconverted data remains: Z
2024-03-29 10:22:47,523 - basicLogger - ERROR - Timestamp parsing error: unconverted data remains: Z
2024-03-29 10:22:47,523 - basicLogger - ERROR - Timestamp parsing error: unconverted data remains: Z
2024-03-29 10:22:49,573 - basicLogger - ERROR - Timestamp parsing error: unconverted data remains: Z
2024-03-29 10:22:49,574 - basicLogger - ERROR - Timestamp parsing error: unconverted data remains: Z
2024-03-29 10:22:52,563 - basicLogger - ERROR - Timestamp parsing error: unconverted data remains: Z
2024-03-29 10:22:52,563 - basicLogger - ERROR - Timestamp parsing error: unconverted data remains: Z
2024-03-29 10:22:54,620 - basicLogger - ERROR - Timestamp parsing error: unconverted data remains: Z
2024-03-29 10:22:54,621 - basicLogger - ERROR - Timestamp parsing error: unconverted data remains: Z
2024-03-29 10:22:57,555 - basicLogger - ERROR - Timestamp parsing error: unconverted data remains: Z
2024-03-29 10:22:57,556 - basicLogger - ERROR - Timestamp parsing error: unconverted data remains: Z
2024-03-29 10:22:59,598 - basicLogger - ERROR - Timestamp parsing error: unconverted data remains: Z
2024-03-29 10:22:59,598 - basicLogger - ERROR - Timestamp parsing error: unconverted data remains: Z
2024-03-29 10:23:02,526 - basicLogger - ERROR - Timestamp parsing error: unconverted data remains: Z
2024-03-29 10:23:02,527 - basicLogger - ERROR - Timestamp parsing error: unconverted data remains: Z
2024-03-29 10:23:04,589 - basicLogger - ERROR - Timestamp parsing error: unconverted data remains: Z
2024-03-29 10:23:04,589 - basicLogger - ERROR - Timestamp parsing error: unconverted data remains: Z
2024-03-29 10:23:07,549 - basicLogger - ERROR - Timestamp parsing error: unconverted data remains: Z
2024-03-29 10:23:07,549 - basicLogger - ERROR - Timestamp parsing error: unconverted data remains: Z
2024-03-30 09:32:14,273 - basicLogger - ERROR - Timestamp parsing error: unconverted data remains: Z

2024-03-30 09:33:02,769 - basicLogger - ERROR - Timestamp parsing error: unconverted data remains: Z

2024-03-30 09:35:56,134 - basicLogger - ERROR - Timestamp parsing error: unconverted data remains: Z

2024-03-30 09:35:57,533 - basicLogger - ERROR - Timestamp parsing error: unconverted data remains: Z

2024-03-30 09:35:59,272 - basicLogger - ERROR - Timestamp parsing error: unconverted data remains: Z

2024-03-31 01:22:41,381 - basicLogger - ERROR - Error storing event: cannot access local variable 'timestamp' where it is not associated with a value
2024-03-31 09:38:46,895 - basicLogger - ERROR - Error storing event: cannot access local variable 'timestamp' where it is not associated with a value
2024-03-31 09:44:04,213 - basicLogger - ERROR - Timestamp parsing error: unconverted data remains: Z
2024-03-31 09:44:04,215 - basicLogger - ERROR - Error storing event: Invalid timestamp format
2024-03-31 09:46:08,580 - basicLogger - DEBUG - Stored event temperature_change with UTC timestamp.
2024-03-31 10:29:52,765 - basicLogger - DEBUG - Stored event intensity_change with UTC timestamp.
2024-03-31 10:30:18,509 - basicLogger - DEBUG - Stored event intensity_change with UTC timestamp.
2024-03-31 10:30:19,989 - basicLogger - DEBUG - Stored event intensity_change with UTC timestamp.
2024-03-31 10:30:20,915 - basicLogger - DEBUG - Stored event intensity_change with UTC timestamp.
2024-03-31 10:30:31,043 - basicLogger - DEBUG - Stored event temperature_change with UTC timestamp.
2024-04-05 21:23:12,773 - basicLogger - INFO - Query for Thermostat events after 2024-04-05 21:04:14.869264 returns 0 results
2024-04-05 21:23:14,804 - basicLogger - INFO - Query for Lighting events after 2024-04-05 21:04:14.869264 returns 0 results
2024-04-05 21:23:22,745 - basicLogger - INFO - Query for Thermostat events after 2024-04-05 21:23:14.807521 returns 0 results
2024-04-05 21:23:24,811 - basicLogger - INFO - Query for Lighting events after 2024-04-05 21:23:14.807521 returns 0 results
2024-04-05 21:23:32,723 - basicLogger - INFO - Query for Thermostat events after 2024-04-05 21:23:24.814399 returns 0 results
2024-04-05 21:23:34,751 - basicLogger - INFO - Query for Lighting events after 2024-04-05 21:23:24.814399 returns 0 results
2024-04-05 21:23:42,715 - basicLogger - INFO - Query for Thermostat events after 2024-04-05 21:23:34.755929 returns 0 results
2024-04-05 21:23:44,763 - basicLogger - INFO - Query for Lighting events after 2024-04-05 21:23:34.755929 returns 0 results
2024-04-05 21:23:52,747 - basicLogger - INFO - Query for Thermostat events after 2024-04-05 21:23:44.772808 returns 0 results
2024-04-05 21:23:54,789 - basicLogger - INFO - Query for Lighting events after 2024-04-05 21:23:44.772808 returns 0 results
2024-04-05 21:24:02,752 - basicLogger - INFO - Query for Thermostat events after 2024-04-05 21:23:54.793736 returns 0 results
2024-04-05 21:24:04,799 - basicLogger - INFO - Query for Lighting events after 2024-04-05 21:23:54.793736 returns 0 results
2024-04-05 21:24:12,732 - basicLogger - INFO - Query for Thermostat events after 2024-04-05 21:24:04.805018 returns 0 results
2024-04-05 21:24:14,778 - basicLogger - INFO - Query for Lighting events after 2024-04-05 21:24:04.805018 returns 0 results
2024-04-05 21:24:22,726 - basicLogger - INFO - Query for Thermostat events after 2024-04-05 21:24:14.786196 returns 0 results
2024-04-05 21:24:24,773 - basicLogger - INFO - Query for Lighting events after 2024-04-05 21:24:14.786196 returns 0 results
2024-04-05 21:24:32,737 - basicLogger - INFO - Query for Thermostat events after 2024-04-05 21:24:24.777715 returns 0 results
2024-04-05 21:24:34,799 - basicLogger - INFO - Query for Lighting events after 2024-04-05 21:24:24.777715 returns 0 results
2024-04-05 21:24:42,750 - basicLogger - INFO - Query for Thermostat events after 2024-04-05 21:24:34.803092 returns 0 results
2024-04-05 21:24:44,806 - basicLogger - INFO - Query for Lighting events after 2024-04-05 21:24:34.803092 returns 0 results
2024-04-05 21:24:52,729 - basicLogger - INFO - Query for Thermostat events after 2024-04-05 21:24:44.813583 returns 0 results
2024-04-05 21:24:54,796 - basicLogger - INFO - Query for Lighting events after 2024-04-05 21:24:44.813583 returns 0 results
2024-04-05 21:25:02,750 - basicLogger - INFO - Query for Thermostat events after 2024-04-05 21:24:54.802174 returns 0 results
2024-04-05 21:25:04,798 - basicLogger - INFO - Query for Lighting events after 2024-04-05 21:24:54.802174 returns 0 results
2024-04-05 21:25:12,746 - basicLogger - INFO - Query for Thermostat events after 2024-04-05 21:25:04.806172 returns 0 results
2024-04-05 21:25:14,815 - basicLogger - INFO - Query for Lighting events after 2024-04-05 21:25:04.806172 returns 0 results
2024-04-05 21:25:22,741 - basicLogger - INFO - Query for Thermostat events after 2024-04-05 21:25:14.821846 returns 0 results
2024-04-05 21:25:24,787 - basicLogger - INFO - Query for Lighting events after 2024-04-05 21:25:14.821846 returns 0 results
2024-04-05 21:25:32,745 - basicLogger - INFO - Query for Thermostat events after 2024-04-05 21:25:24.791329 returns 0 results
2024-04-05 21:25:34,805 - basicLogger - INFO - Query for Lighting events after 2024-04-05 21:25:24.791329 returns 0 results
2024-04-05 21:25:42,742 - basicLogger - INFO - Query for Thermostat events after 2024-04-05 21:25:34.808666 returns 0 results
2024-04-05 21:25:44,782 - basicLogger - INFO - Query for Lighting events after 2024-04-05 21:25:34.808666 returns 0 results
2024-04-05 21:25:52,748 - basicLogger - INFO - Query for Thermostat events after 2024-04-05 21:25:44.786687 returns 0 results
2024-04-05 21:25:54,804 - basicLogger - INFO - Query for Lighting events after 2024-04-05 21:25:44.786687 returns 0 results
